<?xml version="1.0" encoding="UTF-8"?>
<!-- Generated by org.testng.reporters.JUnitReportReporter -->
<testsuite skipped="0" hostname="DESKTOP-AVN7JFN" name="dataDrivenTcs.TestCase1" tests="1" failures="0" timestamp="2020-12-03T13:05:01 EST" time="82.966" errors="0">
  <testcase name="login" time="82.966" classname="dataDrivenTcs.TestCase1"/>
  <system-out/>
</testsuite> <!-- dataDrivenTcs.TestCase1 -->
